<?xml version="1.0" encoding="utf-8"?>
<test-run id="2" name="BinaryTrees.dll" fullname="C:/Users/Saveliy/Documents/C#/BinaryTrees/bin/Debug/net6.0/BinaryTrees.dll" testcasecount="24" result="Passed" start-time="2023-10-24T12:20:45.7112348Z" end-time="2023-10-24T12:20:46.2255011Z" duration="0.514222" total="24" passed="24" failed="0" inconclusive="0" skipped="0" warnings="0" asserts="72426" random-seed="774718533">
  <command-line><![CDATA[C:\Users\Saveliy\Documents\C#\BinaryTrees\bin\Debug\net6.0\BinaryTrees.dll]]></command-line>
  <filter />
  <test-suite type="Assembly" id="1030" name="BinaryTrees.dll" fullname="C:/Users/Saveliy/Documents/C#/BinaryTrees/bin/Debug/net6.0/BinaryTrees.dll" runstate="Runnable" testcasecount="24" result="Passed" start-time="2023-10-24T12:20:45.7112348Z" end-time="2023-10-24T12:20:46.2255011Z" duration="0.514222" total="24" passed="24" failed="0" warnings="0" inconclusive="0" skipped="0" asserts="72426">
    <environment framework-version="3.13.3.0" clr-version="6.0.11" os-version="Microsoft Windows 10.0.19045" platform="Win32NT" cwd="C:\Users\Saveliy\Documents\C#\BinaryTrees\bin\Debug\net6.0" machine-name="DESKTOP-38UJAFV" user="Saveliy" user-domain="DESKTOP-38UJAFV" culture="ru-RU" uiculture="ru-RU" os-architecture="x64" />
    <settings>
      <setting name="WorkDirectory" value="C:\Users\Saveliy\Documents\C#\BinaryTrees\bin\Debug\net6.0" />
      <setting name="NumberOfTestWorkers" value="8" />
    </settings>
    <properties>
      <property name="_PID" value="820" />
      <property name="_APPDOMAIN" value="BinaryTrees" />
    </properties>
    <test-suite type="TestSuite" id="1031" name="BinaryTrees" fullname="BinaryTrees" runstate="Runnable" testcasecount="24" result="Passed" start-time="2023-10-24T12:20:45.7165102Z" end-time="2023-10-24T12:20:46.2254954Z" duration="0.508985" total="24" passed="24" failed="0" warnings="0" inconclusive="0" skipped="0" asserts="72426">
      <test-suite type="TestFixture" id="1000" name="BinaryTreeInTask1_should" fullname="BinaryTrees.BinaryTreeInTask1_should" classname="BinaryTrees.BinaryTreeInTask1_should" runstate="Runnable" testcasecount="5" result="Passed" start-time="2023-10-24T12:20:45.7180149Z" end-time="2023-10-24T12:20:45.7625626Z" duration="0.044548" total="5" passed="5" failed="0" warnings="0" inconclusive="0" skipped="0" asserts="2062">
        <test-case id="1001" name="EmptyTreeDoesNotContainDefaultValue" fullname="BinaryTrees.BinaryTreeInTask1_should.EmptyTreeDoesNotContainDefaultValue" methodname="EmptyTreeDoesNotContainDefaultValue" classname="BinaryTrees.BinaryTreeInTask1_should" runstate="Runnable" seed="547467776" result="Passed" start-time="2023-10-24T12:20:45.7200560Z" end-time="2023-10-24T12:20:45.7256474Z" duration="0.005694" asserts="2" />
        <test-case id="1002" name="WorkWithIntegers" fullname="BinaryTrees.BinaryTreeInTask1_should.WorkWithIntegers" methodname="WorkWithIntegers" classname="BinaryTrees.BinaryTreeInTask1_should" runstate="Runnable" seed="1601386779" result="Passed" start-time="2023-10-24T12:20:45.7275364Z" end-time="2023-10-24T12:20:45.7405472Z" duration="0.013011" asserts="20" />
        <test-case id="1003" name="WorkWithManyIntegers" fullname="BinaryTrees.BinaryTreeInTask1_should.WorkWithManyIntegers" methodname="WorkWithManyIntegers" classname="BinaryTrees.BinaryTreeInTask1_should" runstate="Runnable" seed="2078128119" result="Passed" start-time="2023-10-24T12:20:45.7405805Z" end-time="2023-10-24T12:20:45.7575723Z" duration="0.016992" asserts="2000" />
        <test-case id="1004" name="WorkWithStrings" fullname="BinaryTrees.BinaryTreeInTask1_should.WorkWithStrings" methodname="WorkWithStrings" classname="BinaryTrees.BinaryTreeInTask1_should" runstate="Runnable" seed="342109033" result="Passed" start-time="2023-10-24T12:20:45.7575938Z" end-time="2023-10-24T12:20:45.7595311Z" duration="0.001937" asserts="20" />
        <test-case id="1005" name="WorkWithTuples" fullname="BinaryTrees.BinaryTreeInTask1_should.WorkWithTuples" methodname="WorkWithTuples" classname="BinaryTrees.BinaryTreeInTask1_should" runstate="Runnable" seed="1079650803" result="Passed" start-time="2023-10-24T12:20:45.7595439Z" end-time="2023-10-24T12:20:45.7615442Z" duration="0.002000" asserts="20" />
      </test-suite>
      <test-suite type="TestFixture" id="1006" name="BinaryTreeInTask2_should" fullname="BinaryTrees.BinaryTreeInTask2_should" classname="BinaryTrees.BinaryTreeInTask2_should" runstate="Runnable" testcasecount="19" result="Passed" start-time="2023-10-24T12:20:45.7638431Z" end-time="2023-10-24T12:20:46.2254832Z" duration="0.461640" total="19" passed="19" failed="0" warnings="0" inconclusive="0" skipped="0" asserts="70364">
        <test-suite type="ParameterizedMethod" id="1027" name="CheckIEnumeratorIsLazy" fullname="BinaryTrees.BinaryTreeInTask2_should.CheckIEnumeratorIsLazy" classname="BinaryTrees.BinaryTreeInTask2_should" runstate="Runnable" testcasecount="1" result="Passed" start-time="2023-10-24T12:20:45.7639497Z" end-time="2023-10-24T12:20:45.8860118Z" duration="0.122062" total="1" passed="1" failed="0" warnings="0" inconclusive="0" skipped="0" asserts="10001">
          <test-case id="1026" name="CheckIEnumeratorIsLazy(100000)" fullname="BinaryTrees.BinaryTreeInTask2_should.CheckIEnumeratorIsLazy(100000)" methodname="CheckIEnumeratorIsLazy" classname="BinaryTrees.BinaryTreeInTask2_should" runstate="Runnable" seed="1340812821" result="Passed" start-time="2023-10-24T12:20:45.7641693Z" end-time="2023-10-24T12:20:45.8859638Z" duration="0.121795" asserts="10001" />
        </test-suite>
        <test-case id="1029" name="GetEnumeratorWorksCorrectly_WhenTreeIsEmpty" fullname="BinaryTrees.BinaryTreeInTask2_should.GetEnumeratorWorksCorrectly_WhenTreeIsEmpty" methodname="GetEnumeratorWorksCorrectly_WhenTreeIsEmpty" classname="BinaryTrees.BinaryTreeInTask2_should" runstate="Runnable" seed="291120340" result="Passed" start-time="2023-10-24T12:20:45.8860291Z" end-time="2023-10-24T12:20:45.8862237Z" duration="0.000195" asserts="1" />
        <test-suite type="ParameterizedMethod" id="1012" name="SortIntegers" fullname="BinaryTrees.BinaryTreeInTask2_should.SortIntegers" classname="BinaryTrees.BinaryTreeInTask2_should" runstate="Runnable" testcasecount="5" result="Passed" start-time="2023-10-24T12:20:45.8862355Z" end-time="2023-10-24T12:20:45.9087433Z" duration="0.022508" total="5" passed="5" failed="0" warnings="0" inconclusive="0" skipped="0" asserts="10">
          <test-case id="1007" name="SortIntegers(0,1)" fullname="BinaryTrees.BinaryTreeInTask2_should.SortIntegers(0,1)" methodname="SortIntegers" classname="BinaryTrees.BinaryTreeInTask2_should" runstate="Runnable" seed="1358411854" result="Passed" start-time="2023-10-24T12:20:45.8862573Z" end-time="2023-10-24T12:20:45.8896118Z" duration="0.003355" asserts="2" />
          <test-case id="1008" name="SortIntegers(0,2)" fullname="BinaryTrees.BinaryTreeInTask2_should.SortIntegers(0,2)" methodname="SortIntegers" classname="BinaryTrees.BinaryTreeInTask2_should" runstate="Runnable" seed="443172468" result="Passed" start-time="2023-10-24T12:20:45.8896314Z" end-time="2023-10-24T12:20:45.8897622Z" duration="0.000131" asserts="2" />
          <test-case id="1009" name="SortIntegers(0,30)" fullname="BinaryTrees.BinaryTreeInTask2_should.SortIntegers(0,30)" methodname="SortIntegers" classname="BinaryTrees.BinaryTreeInTask2_should" runstate="Runnable" seed="606942553" result="Passed" start-time="2023-10-24T12:20:45.8897724Z" end-time="2023-10-24T12:20:45.8898495Z" duration="0.000077" asserts="2" />
          <test-case id="1010" name="SortIntegers(20,100)" fullname="BinaryTrees.BinaryTreeInTask2_should.SortIntegers(20,100)" methodname="SortIntegers" classname="BinaryTrees.BinaryTreeInTask2_should" runstate="Runnable" seed="98303537" result="Passed" start-time="2023-10-24T12:20:45.8898578Z" end-time="2023-10-24T12:20:45.8899920Z" duration="0.000134" asserts="2" />
          <test-case id="1011" name="SortIntegers(0,10000)" fullname="BinaryTrees.BinaryTreeInTask2_should.SortIntegers(0,10000)" methodname="SortIntegers" classname="BinaryTrees.BinaryTreeInTask2_should" runstate="Runnable" seed="93865721" result="Passed" start-time="2023-10-24T12:20:45.8899994Z" end-time="2023-10-24T12:20:45.9087160Z" duration="0.018717" asserts="2" />
        </test-suite>
        <test-suite type="ParameterizedMethod" id="1019" name="SupportIndexersForIntValues" fullname="BinaryTrees.BinaryTreeInTask2_should.SupportIndexersForIntValues" classname="BinaryTrees.BinaryTreeInTask2_should" runstate="Runnable" testcasecount="6" result="Passed" start-time="2023-10-24T12:20:45.9087687Z" end-time="2023-10-24T12:20:45.9861119Z" duration="0.077343" total="6" passed="6" failed="0" warnings="0" inconclusive="0" skipped="0" asserts="10133">
          <test-case id="1013" name="SupportIndexersForIntValues(0,0)" fullname="BinaryTrees.BinaryTreeInTask2_should.SupportIndexersForIntValues(0,0)" methodname="SupportIndexersForIntValues" classname="BinaryTrees.BinaryTreeInTask2_should" runstate="Runnable" seed="770304361" result="Passed" start-time="2023-10-24T12:20:45.9088076Z" end-time="2023-10-24T12:20:45.9536744Z" duration="0.044867" asserts="0" />
          <test-case id="1014" name="SupportIndexersForIntValues(0,1)" fullname="BinaryTrees.BinaryTreeInTask2_should.SupportIndexersForIntValues(0,1)" methodname="SupportIndexersForIntValues" classname="BinaryTrees.BinaryTreeInTask2_should" runstate="Runnable" seed="1170354010" result="Passed" start-time="2023-10-24T12:20:45.9536980Z" end-time="2023-10-24T12:20:45.9542308Z" duration="0.000533" asserts="1" />
          <test-case id="1015" name="SupportIndexersForIntValues(0,2)" fullname="BinaryTrees.BinaryTreeInTask2_should.SupportIndexersForIntValues(0,2)" methodname="SupportIndexersForIntValues" classname="BinaryTrees.BinaryTreeInTask2_should" runstate="Runnable" seed="55316107" result="Passed" start-time="2023-10-24T12:20:45.9542436Z" end-time="2023-10-24T12:20:45.9544553Z" duration="0.000212" asserts="2" />
          <test-case id="1016" name="SupportIndexersForIntValues(0,30)" fullname="BinaryTrees.BinaryTreeInTask2_should.SupportIndexersForIntValues(0,30)" methodname="SupportIndexersForIntValues" classname="BinaryTrees.BinaryTreeInTask2_should" runstate="Runnable" seed="907579469" result="Passed" start-time="2023-10-24T12:20:45.9544657Z" end-time="2023-10-24T12:20:45.9547234Z" duration="0.000258" asserts="30" />
          <test-case id="1017" name="SupportIndexersForIntValues(20,100)" fullname="BinaryTrees.BinaryTreeInTask2_should.SupportIndexersForIntValues(20,100)" methodname="SupportIndexersForIntValues" classname="BinaryTrees.BinaryTreeInTask2_should" runstate="Runnable" seed="792028936" result="Passed" start-time="2023-10-24T12:20:45.9547340Z" end-time="2023-10-24T12:20:45.9551309Z" duration="0.000397" asserts="100" />
          <test-case id="1018" name="SupportIndexersForIntValues(0,10000)" fullname="BinaryTrees.BinaryTreeInTask2_should.SupportIndexersForIntValues(0,10000)" methodname="SupportIndexersForIntValues" classname="BinaryTrees.BinaryTreeInTask2_should" runstate="Runnable" seed="570301404" result="Passed" start-time="2023-10-24T12:20:45.9551416Z" end-time="2023-10-24T12:20:45.9860838Z" duration="0.030943" asserts="10000" />
        </test-suite>
        <test-suite type="ParameterizedMethod" id="1025" name="SupportIndexersForStringValues" fullname="BinaryTrees.BinaryTreeInTask2_should.SupportIndexersForStringValues" classname="BinaryTrees.BinaryTreeInTask2_should" runstate="Runnable" testcasecount="5" result="Passed" start-time="2023-10-24T12:20:45.9861270Z" end-time="2023-10-24T12:20:45.9909621Z" duration="0.004835" total="5" passed="5" failed="0" warnings="0" inconclusive="0" skipped="0" asserts="133">
          <test-case id="1020" name="SupportIndexersForStringValues(0,0)" fullname="BinaryTrees.BinaryTreeInTask2_should.SupportIndexersForStringValues(0,0)" methodname="SupportIndexersForStringValues" classname="BinaryTrees.BinaryTreeInTask2_should" runstate="Runnable" seed="1120764431" result="Passed" start-time="2023-10-24T12:20:45.9861597Z" end-time="2023-10-24T12:20:45.9893173Z" duration="0.003158" asserts="0" />
          <test-case id="1021" name="SupportIndexersForStringValues(0,1)" fullname="BinaryTrees.BinaryTreeInTask2_should.SupportIndexersForStringValues(0,1)" methodname="SupportIndexersForStringValues" classname="BinaryTrees.BinaryTreeInTask2_should" runstate="Runnable" seed="1571045494" result="Passed" start-time="2023-10-24T12:20:45.9893326Z" end-time="2023-10-24T12:20:45.9899656Z" duration="0.000633" asserts="1" />
          <test-case id="1022" name="SupportIndexersForStringValues(0,2)" fullname="BinaryTrees.BinaryTreeInTask2_should.SupportIndexersForStringValues(0,2)" methodname="SupportIndexersForStringValues" classname="BinaryTrees.BinaryTreeInTask2_should" runstate="Runnable" seed="312222080" result="Passed" start-time="2023-10-24T12:20:45.9899774Z" end-time="2023-10-24T12:20:45.9902234Z" duration="0.000246" asserts="2" />
          <test-case id="1023" name="SupportIndexersForStringValues(0,30)" fullname="BinaryTrees.BinaryTreeInTask2_should.SupportIndexersForStringValues(0,30)" methodname="SupportIndexersForStringValues" classname="BinaryTrees.BinaryTreeInTask2_should" runstate="Runnable" seed="825777981" result="Passed" start-time="2023-10-24T12:20:45.9902344Z" end-time="2023-10-24T12:20:45.9905174Z" duration="0.000283" asserts="30" />
          <test-case id="1024" name="SupportIndexersForStringValues(20,100)" fullname="BinaryTrees.BinaryTreeInTask2_should.SupportIndexersForStringValues(20,100)" methodname="SupportIndexersForStringValues" classname="BinaryTrees.BinaryTreeInTask2_should" runstate="Runnable" seed="1874853576" result="Passed" start-time="2023-10-24T12:20:45.9905279Z" end-time="2023-10-24T12:20:45.9909483Z" duration="0.000420" asserts="100" />
        </test-suite>
        <test-case id="1028" name="WorkWithMixedAddAndContains" fullname="BinaryTrees.BinaryTreeInTask2_should.WorkWithMixedAddAndContains" methodname="WorkWithMixedAddAndContains" classname="BinaryTrees.BinaryTreeInTask2_should" runstate="Runnable" seed="1647983349" result="Passed" start-time="2023-10-24T12:20:45.9909715Z" end-time="2023-10-24T12:20:46.2254378Z" duration="0.234467" asserts="50086" />
      </test-suite>
    </test-suite>
  </test-suite>
</test-run>